<?xml version="1.0" encoding="UTF-8"?>
<!-- Generated by org.testng.reporters.JUnitReportReporter -->
<testsuite hostname="DESKTOP-O544DRQ" failures="0" tests="1" name="runners.TestNGRunner" time="15.886" errors="0" timestamp="2023-12-21T19:41:33 IST" skipped="0">
  <testcase classname="runners.TestNGRunner" name="runScenario" time="15.886"/>
  <system-out/>
</testsuite> <!-- runners.TestNGRunner -->
