<?xml version="1.0" encoding="UTF-8"?>
<!-- Generated by org.testng.reporters.JUnitReportReporter -->
<testsuite hostname="DESKTOP-O544DRQ" failures="0" tests="1" name="runners.TestNGRunner" time="41.037" errors="0" timestamp="2023-12-22T22:25:23 IST" skipped="0">
  <testcase classname="runners.TestNGRunner" name="runScenario" time="41.037"/>
  <system-out/>
</testsuite> <!-- runners.TestNGRunner -->
